Removed Pin From Net: NetName=GND Pin=C26-2
Removed Pin From Net: NetName=Vref Pin=R23-1
Removed Pin From Net: NetName=GND Pin=R24-2
Removed Pin From Net: NetName=1V5_ref Pin=U7-1
Removed Pin From Net: NetName=GND Pin=U7-2
Removed Pin From Net: NetName=1V5_ref Pin=U7-4
Removed Pin From Net: NetName=3V3 Pin=U7-5
Removed Member From Class: ClassName=AnalogInput Member=C26
Removed Member From Class: ClassName=AnalogInput Member=R23
Removed Member From Class: ClassName=AnalogInput Member=R24
Removed Member From Class: ClassName=AnalogInput Member=U7
Added Room: Name=3V3
Added Room: Name=5V
Added Room: Name=CAN0
Added Room: Name=CAN1
Added Room: Name=GD_interface
Added Room: Name=GD_supply
Added Room: Name=main
Added Room: Name=PSU
Added Room: Name=USB
