Added Component: Designator=C91(C_0603)
Add component. Clean all parameters for all variants
Add component (AddParameter): Name = "ClassName"; Value = ""; VariantName = "[No Variations]"
Add component (AddParameter): Name = "Value"; Value = "100n"; VariantName = "[No Variations]"
Added Component: Designator=C92(C_0603)
Add component. Clean all parameters for all variants
Add component (AddParameter): Name = "ClassName"; Value = ""; VariantName = "[No Variations]"
Add component (AddParameter): Name = "Value"; Value = "100n"; VariantName = "[No Variations]"
Added Component: Designator=C93(C_0603)
Add component. Clean all parameters for all variants
Add component (AddParameter): Name = "ClassName"; Value = ""; VariantName = "[No Variations]"
Add component (AddParameter): Name = "Value"; Value = "100n"; VariantName = "[No Variations]"
Added Component: Designator=C94(C_0603)
Add component. Clean all parameters for all variants
Add component (AddParameter): Name = "ClassName"; Value = ""; VariantName = "[No Variations]"
Add component (AddParameter): Name = "Value"; Value = "100n"; VariantName = "[No Variations]"
Added Component: Designator=C95(C_0805)
Add component. Clean all parameters for all variants
Add component (AddParameter): Name = "ClassName"; Value = ""; VariantName = "[No Variations]"
Add component (AddParameter): Name = "Value"; Value = "1u"; VariantName = "[No Variations]"
Added Pin To Net: NetName=GND Pin=C91-1
Added Pin To Net: NetName=VDD_C Pin=C91-2
Added Pin To Net: NetName=GND Pin=C92-1
Added Pin To Net: NetName=VDD_C Pin=C92-2
Added Pin To Net: NetName=GND Pin=C93-1
Added Pin To Net: NetName=VDD_C Pin=C93-2
Added Pin To Net: NetName=GND Pin=C94-1
Added Pin To Net: NetName=VDD_C Pin=C94-2
Added Pin To Net: NetName=GND Pin=C95-1
Added Pin To Net: NetName=VDD_C Pin=C95-2
Added Member To Class: ClassName=MCU Member=Component C91 100n
Added Member To Class: ClassName=MCU Member=Component C92 100n
Added Member To Class: ClassName=MCU Member=Component C93 100n
Added Member To Class: ClassName=MCU Member=Component C94 100n
Added Member To Class: ClassName=MCU Member=Component C95 1u
Added Room: Name=GD_supply
Added Room: Name=main
Added Room: Name=MCU
Added Room: Name=PSU
Added Room: Name=USB
