Removed Pin From Net: NetName=GND Pin=C9-1
Removed Pin From Net: NetName=3V3 Pin=C9-2
Removed Pin From Net: NetName=GND Pin=C10-1
Removed Pin From Net: NetName=3V3 Pin=C10-2
Removed Pin From Net: NetName=GND Pin=C11-1
Removed Pin From Net: NetName=3V3 Pin=C11-2
Removed Pin From Net: NetName=5VA Pin=C12-1
Removed Pin From Net: NetName=GND Pin=C12-2
Removed Pin From Net: NetName=5VA Pin=C13-1
Removed Pin From Net: NetName=GND Pin=C13-2
Removed Pin From Net: NetName=5VA Pin=C14-1
Removed Pin From Net: NetName=GND Pin=C14-2
Removed Member From Class: ClassName=AnalogInput Member=C9
Removed Member From Class: ClassName=AnalogInput Member=C10
Removed Member From Class: ClassName=AnalogInput Member=C11
Removed Member From Class: ClassName=AnalogInput Member=C12
Removed Member From Class: ClassName=AnalogInput Member=C13
Removed Member From Class: ClassName=AnalogInput Member=C14
Added Component: Designator=C26(C_0603)
Add component. Clean all parameters for all variants
Add component (AddParameter): Name = "ClassName"; Value = ""; VariantName = "[No Variations]"
Add component (AddParameter): Name = "Value"; Value = "10n"; VariantName = "[No Variations]"
Added Component: Designator=R23(R_0603)
Add component. Clean all parameters for all variants
Add component (AddParameter): Name = "ClassName"; Value = ""; VariantName = "[No Variations]"
Add component (AddParameter): Name = "Value"; Value = "4k7"; VariantName = "[No Variations]"
Added Component: Designator=R24(R_0603)
Add component. Clean all parameters for all variants
Add component (AddParameter): Name = "ClassName"; Value = ""; VariantName = "[No Variations]"
Add component (AddParameter): Name = "Value"; Value = "4k7"; VariantName = "[No Variations]"
Added Component: Designator=U7(SOT23-5)
Add component. Clean all parameters for all variants
Add component (AddParameter): Name = "ClassName"; Value = ""; VariantName = "[No Variations]"
Add component (AddParameter): Name = "ComponentLink1Description"; Value = "Datasheet"; VariantName = "[No Variations]"
Add component (AddParameter): Name = "ComponentLink1URL"; Value = "http://ww1.microchip.com/downloads/en/DeviceDoc/MCP6061_DS22189B.pdf"; VariantName = "[No Variations]"
Add component (AddParameter): Name = "Manufacturer"; Value = "Microchip"; VariantName = "[No Variations]"
Add component (AddParameter): Name = "Manufacturer Part Number"; Value = "MCP6061T-E/OT"; VariantName = "[No Variations]"
Add component (AddParameter): Name = "No. of Comparators"; Value = "1 Comparator"; VariantName = "[No Variations]"
Add component (AddParameter): Name = "No. of Pins"; Value = "5"; VariantName = "[No Variations]"
Add component (AddParameter): Name = "Supplier 1"; Value = "Mouser"; VariantName = "[No Variations]"
Add component (AddParameter): Name = "Supplier Part Number 1"; Value = "579-MCP6061T-E/OT"; VariantName = "[No Variations]"
Add component (AddParameter): Name = "Supply Voltage Range"; Value = "1.8V to 6V"; VariantName = "[No Variations]"
Added Pin To Net: NetName=GND Pin=C26-2
Added Pin To Net: NetName=Vref Pin=R23-1
Added Pin To Net: NetName=GND Pin=R24-2
Added Pin To Net: NetName=1V5_ref Pin=U7-1
Added Pin To Net: NetName=GND Pin=U7-2
Added Pin To Net: NetName=1V5_ref Pin=U7-4
Added Pin To Net: NetName=3V3 Pin=U7-5
Added Pin To Net: NetName=NetC26_1 Pin=C26-1
Added Pin To Net: NetName=NetC26_1 Pin=R23-2
Added Pin To Net: NetName=NetC26_1 Pin=R24-1
Added Pin To Net: NetName=NetC26_1 Pin=U7-3
Added Net: Name=NetC26_1
Added Member To Class: ClassName=AnalogInput Member=Component C26 10n
Added Member To Class: ClassName=AnalogInput Member=Component R23 4k7
Added Member To Class: ClassName=AnalogInput Member=Component R24 4k7
Added Member To Class: ClassName=AnalogInput Member=Component U7 MCP6061
Added Room: Name=3V3
Added Room: Name=5V
Added Room: Name=AnalogInput
Added Room: Name=CAN0
Added Room: Name=CAN1
Added Room: Name=GD_interface
Added Room: Name=GD_supply
Added Room: Name=main
Added Room: Name=PSU
Added Room: Name=USB
