Change Component Designator: Old Designator=C27 New Designator=C50
Change Component Designator: Old Designator=C28 New Designator=C51
Change Component Designator: Old Designator=C29 New Designator=C52
Change Component Designator: Old Designator=C30 New Designator=C53
Change Component Designator: Old Designator=C31 New Designator=C54
Change Component Designator: Old Designator=C32 New Designator=C40
Change Component Designator: Old Designator=C33 New Designator=C41
Change Component Designator: Old Designator=C34 New Designator=C42
Change Component Designator: Old Designator=C35 New Designator=C43
Change Component Designator: Old Designator=C36 New Designator=C30
Change Component Designator: Old Designator=C37 New Designator=C31
Change Component Designator: Old Designator=C40 New Designator=C27
Change Component Designator: Old Designator=C41 New Designator=C28
Change Component Designator: Old Designator=C42 New Designator=C29
Change Component Designator: Old Designator=C43 New Designator=C32
Change Component Designator: Old Designator=C45 New Designator=C33
Change Component Designator: Old Designator=C48 New Designator=C44
Change Component Designator: Old Designator=C49 New Designator=C45
Change Component Designator: Old Designator=C50 New Designator=C46
Change Component Designator: Old Designator=C51 New Designator=C47
Change Component Designator: Old Designator=C52 New Designator=C48
Change Component Designator: Old Designator=C53 New Designator=C49
Change Component Designator: Old Designator=C54 New Designator=C39
Change Component Designator: Old Designator=C? New Designator=C34
Change Component Designator: Old Designator=C? New Designator=C35
Change Component Designator: Old Designator=C? New Designator=C36
Change Component Designator: Old Designator=C? New Designator=C37
Change Component Designator: Old Designator=C? New Designator=C38
Change Component Designator: Old Designator=D? New Designator=D2
Change Component Designator: Old Designator=IC? New Designator=IC1
Change Component Designator: Old Designator=P? New Designator=P7
Change Component Designator: Old Designator=R30 New Designator=R31
Change Component Designator: Old Designator=R31 New Designator=R32
Change Component Designator: Old Designator=R? New Designator=R27
Change Component Designator: Old Designator=R? New Designator=R27
Change Component Designator: Old Designator=R? New Designator=R27
Change Component Designator: Old Designator=R? New Designator=R27
Change Component Designator: Old Designator=R? New Designator=R26
Change Component Designator: Old Designator=R? New Designator=R28
Change Component Designator: Old Designator=R? New Designator=R29
Change Component Designator: Old Designator=R? New Designator=R30
Change Component Designator: Old Designator=U8 New Designator=U9
Change Component Designator: Old Designator=U9 New Designator=U8
Change Component Designator: Old Designator=U? New Designator=U11
Change Component Designator: Old Designator=U? New Designator=U13
